[   .000000] Initializing cgroup subsys cpuset
[    0.0000000 Iitializing cgroup subsys cpu
[    0.000000] Initializing cgroup subsys cpuacct
[    0.000000] Linux version 4.4.0-139-generic (buildd@lcy01-amd64-006) (gcc version 5.4.0 20160609 (Ubuntu 5.4.0-6ubuntu1~16.04.10) ) #165-Ubuntu SMP Wed Oct 24 10:58:50 UTC 2018 (Ubuntu 4.4.0-139.165-generic 4.4.160)
[    0.000000] Command line: BOOT_IMAGE=/boot/vmlinuz-4.4.0-139-generic root=LABEL=cloudimg-rootfs ro console=tty1 console=ttyS0
[    0.000000] KERNEL supported cpus:
[    0.000000]   Intel GenuineIntel
[    0.000000]   AMD AuthenticAMD
[    0.000000]   Centaur CentaurHauls
[    0.000000] x86/fpu: xstate_offset[2]:  576, xstate_sizes[2]:  256
[     0.000000] x86/fpu: Supporting XSAVE feature 0x01: 'x87 floating point registers'
[    0.000000] x86/fpu: Supporting XSAVE feature 0x02: 'SSE registers'
[    0.000000] x86/fpu: Supporting XSAVE feature 0x04: 'AVX registers'
[    0.000000] x86/fpu: Enabled xstate features 0x7, context size is 832 bytes, using 'standard' format.
[    0.000000] e820: BIOS-provided physical RAM map:
[    0.000000] BIOS-e820: [mem 0x0000000000000000-0x000000000009fbff] usable
[    0.000000] BIOS-e820: [mem 0x000000000009fc00-0x000000000009ffff] reserved
[    0.000000] BIOS-e820: [mem 0x00000000000f0000-0x00000000000fffff] reserved
[    0.000000] BIOS-e820: [mem 0x0000000000100000-0x000000003ffeffff] usable
[    0.000000] BIOS-e820: [mem 0x000000003fff0000-0x000000003fffffff] ACPI data
[    0.000000] BIOS-e820: [mem 0x00000000fec00000-0x00000000fec00fff] reserved
[    0.000000] BIOS-e820: [mem 0x00000000fee00000-0x00000000fee00fff] reserved
[    0.000000] BIOS-e820: [mem 0x00000000fffc0000-0x00000000ffffffff] reserved
[    0.000000] NX (Execute Disable) protection: active
[    0.000000] SMBIOS 2.5 present.
[    0.000000] Hypervisor detected: KVM
[    0.000000] e820: last_pfn = 0x3fff0 max_arch_pfn = 0x400000000
[    0.000000] MTRR: Disabled
[    0.000000] x86/PAT: MTRRs disabled, skipping PAT initialization too.
[    0.00000] CPU MTRRs all blank - virtualized system.
[    0.000000] x86/PAT: Configuration [0-7]: WB  WT  UC- UC  WB  WT  UC- UC  
[    0.000000] found SMP MP-table at [mem 0x0009fff0-0x0009ffff] mapped at [ffff88000009fff0]
[    0.000000] Scanning 1 areas for low memory corruption
[    0.000000] RAMDISK: [mem 0x3630a000-0x3717cfff]
[    0.000000] ACPI: Early table checksum verification disabled
[    0.000000] ACPI: RSDP 0x00000000000E0000 000024 (v02 VBOX  )
[    0.000000] ACPI: XSDT 0x000000003FFF0030 00003C (v01 VBOX   VBOXXSDT 00000001 ASL  00000061)
[    0.000000] ACPI: FACP 0x000000003FFF00F0 0000F4 (v04 VBOX   VBOXFACP 00000001 ASL  00000061)
[    0.000000] ACPI: DSDT 0x000000003FFF0470 0021FF (v02 VBOX   VBOXBIOS 00000002 INTL 20100528)
[   .000000] ACPI: FACS 0x000000003FFF0200 000040
[    0.000000] ACPI: FACS 0x000000003FFF0200 000040
[    0.000000] ACPI: APIC 0x000000003FFF0240 00005C (v02 VBOX   VBOXAPIC 00000001 ASL  00000061)
[    0.000000] ACPI: SSDT 0x000000003FFF02A0 0001CC (v01 VBOX   VBOXCPUT 00000002 INTL 20100528)
[    0.000000] No NUMA configuration found
[    0.000000] Faking a node at [mem 0x0000000000000000-0x000000003ffeffff]
[    0.000000] NODE_DATA(0) allocated [mem 0x3ffeb000-0x3ffeffff]
[   0.000000] kvm-clock: Using msrs 4b564d01 and 4b564d00
[    0.000000] kvm-clock: cpu 0, msr 0:3ffe3001, primary cpu clock
[    0.000000] kvm-clock: using sched offset of 5337953694 cycles
[    0.000000] clocksource: kvm-clock: mask: 0xffffffffffffffff max_cycles: 0x1cd42e4dffb, max_idle_ns: 881590591483 ns
[    0.000000] Zone ranges:
[    0.000000]   DMA      [mem 0x0000000000001000-0x0000000000ffffff]
[    0.000000]   DMA32    [mem 0x0000000001000000-0x000000003ffeffff]
[    0.000000]   Normal   empty
[    0.000000]   Device   empty
[    0.000000] Movable zone start for each node
[    0.000000] Early memory node ranges
[    0.000000]   node   0: [mem 0x0000000000001000-0x000000000009efff]
[    0.000000]   node   0: [mem 0x0000000000100000-0x000000003ffeffff]
[    0.000000] Initmem setup node 0 [mem 0x0000000000001000-0x000000003ffeffff]
[    0.000000] ACPI: PM-Timer IO Port: 0x4008
[    0.000000] IOAPIC[0]: apic_id 2, version 32, address 0xfec00000, GSI 0-23
[    0.000000] ACPI: INT_SRC_OVR (bus 0 bus_irq 0 global_irq 2 dfl dfl)
[    0.000000] ACPI: INT_SRC_OVR (bus 0 bus_irq 9 global_irq 9 low level)
[   .000000] Using ACPI (MADT) for SMP configuration information
[   .00000] smpboot: Allowing 2 CPUs, 0 hotplug CPUs
[    0.000000] PM: Registered nosave memory: [mem 0x00000000-0x00000fff]
[   0.000000] PM: Registered nosave memory: [mem 0x0009f000-0x0009ffff]
[    0.000000] PM: Registered nosave memory: [mem 0x000a0000-0x000effff]
[    0.000000] PM: Registered nosave memory: [mem 0x000f0000-0x000fffff]
[    0.000000] e820: [mem 0x40000000-0xfebfffff] available for PCI devices
[    0.000000] Booting paravirtualized kernel on KVM
[    0.000000] clocksource: refined-jiffies: mask: 0xffffffff max_cycles: 0xffffffff, max_idle_ns: 7645519600211568 ns
[    0.000000] setup_percpu: NR_CPUS:512 nr_cpumask_bits:512 nr_cpu_ids:2 nr_node_ids:1
[    0.000000] PERCPU: Embedded 34 pages/cpu @ffff88003fc00000 s99608 r8192 d31464 u1048576
[    0.000000] PV qspinlock hash table entries: 256 (order: 0, 4096 bytes)
[    0.000000] Built 1 zonelists in Node order, mobility grouping on.  Total pages: 257912
[    0.000000] Policy zone: DMA32
[    0.000000] Kernel command line: BOOT_IMAGE=/boot/vmlinuz-4.4.0-139-generic root=LABEL=cloudimg-rootfs ro console=tty1 console=ttyS0
[    0.000000] PID hash table entries: 4096 (order: 3, 32768 bytes)
[    0.000000] Memory: 997708K/1048120K available (8564K kernel code, 1314K rwdata, 4004K rodata, 1528K init, 1316K bbss, 50412K reserved, 0K cma-reserved)
[    0000000] SLUB: HWalign=64, Order=0-3, MinObjects=0, CPUs=2, Nodes=1
[    0.000000] Kernel/User page tables isolation: enabled
[    0.000000] Hierarchical RCU implementation.
[    0.000000] 	Build-time adjustment of leaf fanout to 64.
[    0.000000] 	RCU restricting CPUs from NR_CPUS=512 to nr_cpu_ids=2.
[    0.000000] RCU: Adjusting geometry for rcu_fanout_leaf=64, nr_cpu_ids=2
[    0.000000] NR_IRQS:33024 nr_irqs:440 6
[    0.000000] Console: colour VGA+ 80x25
[    0.000000] console [tty1] enabled
[    0.000000] console [ttyS0] enabled
[    0.000000] tsc: Detected 2294.770 MHz processor
[    0.701972] Calibrating delay loop (skipped) preset value.. 4589.54 BogoMIPS (lpj=9179080)
[    0.706262] pid_max: default: 32768 minimum: 301
[    0.708462] ACPI: Core revision 20150930
[    0.711809] ACPI: 2 ACPI AML tables successfully acquired and loaded
[    0.714962] Security Framework initialized
[    0.717190] Yama: becoming mindful.
[    0.719301] AppArmor: AppArmor initialized
[    0.721705] Dentry cache hash table entries: 131072 (order: 8, 1048576 bytes)
[    0.729510] Inode-cache hash table entries: 65536 (order: 7, 524288 bytes)
[    0.733325] Mount-cache hash table entries: 2048 (order: 2, 16384 bytes)
[    0.740522] Mountpoint-cache hash table entries: 2048 (order: 2, 16384 bytes)
[    0.744098] Initializing cgroup subsys io
[    0.746136] Initializing cgroup subsys memory
[    0.747901] Initializing cgroup subsys devices
[    0.749853] Initializing cgroup subsys freezer
[    0.751739] Initializing cgroup subsys net_cls
[    0.760602] Initializing cgroup subsys perf_event
[    0.765536] Initializing cgroup subsys net_prio
[    0.770168] Initializing cgroup subsys hugetlb
[    0.772088] Initializing cgroup subsys pids
[    0.774233] mce: CPU supports 0 MCE banks
[    0.777230] Last level iTLB entries: 4KB 512, 2MB 8, 4MB 8
[    0.781957] Last level dTLB entries: 4KB 512, 2MB 32, 4MB 32, 1GB 0
[    0.785770] Spectre V2 : Mitigation: Full generic retpoline
[    0.789527] Spectre V2 : Spectre v2 mitigation: Speculation control IBPB not-supported IBRS not-supported
[    0.795258] Spectre V2 : Spectre v2 / SpectreRSB mitigation: Filling RSB on context switch
[    0.807220] Speculative Store Bypass: Vulnerable
[    0.813157] Freeing SMP alternatives memory: 32K
[    0.826258] ftrace: allocating 32278 entries in 127 pages
[    0.900516] smpboot: APIC(0) Converting physical 0 to logical package 0
[    0.903873] smpboot: Max logical packages: 1
[    0.913922] x2apic enabled
[    0.917229] Switched APIC routing to physical x2apic.
[    0.920939] ..TIMER: vector=0x30 apic1=0 pin1=2 apic2=-1 pin2=-1
[    1.039928] APIC calibration not consistent with PM-Timer: 98ms instead of 100ms
[    1.043238] APIC delta adjusted to PM-Timer: 6244710 (6173707)
[    1.045734] smpboot: CPU0: Intel(R) Core(TM) i7-3615QM CPU @ 2.30GHz (family: 0x6, model: 0x3a, stepping: 0x9)
[    1.055519] Performance Events: unsupported p6 CPU model 58 no PMU driver, software events only.
[    1.067713] KVM setup paravirtual spinlock
[    1.070215] x86: Booting SMP configuration:
[    1.073221] .... node  #0, CPUs:      #1
[    1.084410] kvm-clock: cpu 1, msr 0:3ffe3041, secondary cpu clock
[    1.097440] mce: CPU supports 0 MCE banks
[    1.103775] x86: Booted up 1 node, 2 CPUs
[    1.108055] smpboot: Total of 2 processors activated (9179.08 BogoMIPS)
[    1.113086] devtmpfs: initialized
[    1.116173] evm: security.selinux
[    1.117651] evm: security.SMACK64
[    1.120301] evm: security.SMACK64EXEC
[    1.121974] evm: security.SMACK64TRANSMUTE
[    1.123813] evm: security.SMACK64MMAP
[    1.128993] evm: security.ima
[    1.131423] evm: security.capability
[    1.135543] clocksource: jiffies: mask: 0xffffffff max_cycles: 0xffffffff, max_idle_ns: 7645041785100000 ns
[    1.139524] futex hash table entries: 512 (order: 3, 32768 bytes)
[    1.143319] pinctrl core: initialized pinctrl subsystem
[    1.147395] RTC time:  2:18:07, date: 11/25/18
[    1.150590] NET: Registered protocol family 16
[    1.166530] cpuidle: using governor ladder
[    1.182882] cpuidle: using governor menu
[    1.186694] PCCT header not found.
[    1.188923] ACPI: bus type PCI registered
[    1.192305] acpiphp: ACPI Hot Plug PCI Controller Driver version: 0.5
[    1.195413] PCI: Using configuration type 1 for base access
[    1.211149] ACPI: Added _OSI(Module Device)
[    1.217494] ACPI: Added _OSI(Processor Device)
[    1.219592] ACPI: Added _OSI(3.0 _SCP Extensions)
[    1.221761] ACPI: Added _OSI(Processor Aggregator Device)
[    1.229123] ACPI: Executed 1 blocks of module-level executable AML code
[    1.240221] ACPI: Interpreter enabled
[    1.247364] ACPI: (supports S0 S5)
[    1.251201] ACPI: Using IOAPIC for interrupt routing
[    1.255255] PCI: Using host bridge windows from ACPI; if necessary, use "pci=nocrs" and report a bug
[    1.268458] ACPI: PCI Root Bridge [PCI0] (domain 0000 [bus 00-ff])
[    1.275038] acpi PNP0A03:00: _OSC: OS supports [ASPM ClockPM Segments MSI]
[    1.279364] acpi PNP0A03:00: _OSC: not requesting OS control; OS requires [ExtendedConfig ASPM ClockPM MSI]
[    1.289464] acpi PNP0A03:00: fail to add MMCONFIG information, can't access extended PCI configuration space under this bridge.
[    1.297599] PCI host bridge to bus 0000:00
[    1.301954] pci_bus 0000:00: root bus resource [io  0x0000-0x0cf7 window]
[    1.304631] pci_bus 0000:00: root bus resource [io  0x0d00-0xffff window]
[    1.307384] pci_bus 0000:00: root bus resource [mem 0x000a0000-0x000bffff window]
[    1.312748] pci_bus 0000:00: root bus resource [mem 0x40000000-0xfdffffff window]
[    1.317088] pci_bus 0000:00: root bus resource [bus 00-ff]
[    1.326722] pci 0000:00:01.1: legacy IDE quirk: reg 0x10: [io  0x01f0-0x01f7]
[    1.344969] pci 0000:00:01.1: legacy IDE quirk: reg 0x14: [io  0x03f6]
[    1.347671] pci 0000:00:01.1: legacy IDE quirk: reg 0x18: [io  0x0170-0x0177]
[    1.359411] pci 0000:00:01.1: legacy IDE quirk: reg 0x1c: [io  0x0376]
[    1.382369] pci 0000:00:07.0: quirk: [io  0x4000-0x403f] claimed by PIIX4 ACPI
[    1.386809] pci 0000:00:07.0: quirk: [io  0x4100-0x410f] claimed by PIIX4 SMB
[    1.398927] ACPI: PCI Interrupt Link [LNKA] (IRQs 5 9 10 *11)
[    1.404795] ACPI: PCI Interrupt Link [LNKB] (IRQs 5 9 *10 11)
[    1.410018] ACPI: PCI Interrupt Link [LNKC] (IRQs 5 *9 10 11)
[    1.413069] ACPI: PCI Interrupt Link [LNKD] (IRQs 5 9 10 *11)
[    1.416299] ACPI: Enabled 2 GPEs in block 00 to 07
[    1.418955] vgaarb: setting as boot device: PCI:0000:00:02.0
[    1.421260] vgaarb: device added: PCI:0000:00:02.0,decodes=io+mem,owns=io+mem,locks=none
[    1.426277] vgaarb: loaded
[    1.429327] vgaarb: bridge control possible 0000:00:02.0
[    1.432894] SCSI subsystem initialized
[    1.436031] ACPI: bus type USB registered
[    1.442938] usbcore: registered new interface driver usbfs
[    1.445177] usbcore: registered new interface driver hub
[    1.448580] usbcore: registered new device driver usb
[    1.455927] PCI: Using ACPI for IRQ routing
[    1.463576] NetLabel: Initializing
[    1.465143] NetLabel:  domain hash size = 128
[    1.468172] NetLabel:  protocols = UNLABELED CIPSOv4
[    1.470420] NetLabel:  unlabeled traffic allowed by default
[    1.476897] amd_nb: Cannot enumerate AMD northbridges
[    1.479034] clocksource: Switched to clocksource kvm-clock
[    1.492568] AppArmor: AppArmor Filesystem Enabled
[   1.9420] pnp: PnP ACPI init
[   .579717] pnp: PnP ACPI: found 3 devices
[    1.670215] clocksource: acpi_pm: mask: 0xffffff max_cycles: 0xffffff, max_idle_ns: 2085701024 ns
[    1.673889] NET: Registered protocol family 2
[    1.675986] TCP established hash table entries: 8192 (order: 4, 65536 bytes)
[    1.678784] TCP bind hash table entries: 8192 (order: 5, 131072 bytes)
[   .62431] TCP: Hash tables configured (established 8192 bind 8192)
[   .763322] UDP hash table entries: 512 (order: 2, 16384 bytes)
[    1.817389] UDP-Lite hash table entries: 512 (order: 2, 16384 bytes)
[    1.820971] NET: Registered protocol family 1
[    1.823317] pci 0000:00:00.0: Limiting direct PCI/PCI transfers
[    1.826511] pci 0000:00:01.0: Activating ISA DMA hang workarounds
[    1.829811] Unpacking initramfs...

[    2.077536] Freeing initrd memory: 14796K
[    2.094331] RAPL PMU detected, API unit is 2^-32 Joules, 3 fixed counters 10737418240 ms ovfl timer
[    2.107096] hw unit of domain pp0-core 2^-0 Joules
[    2.115554] hw unit of domain package 2^-0 Joules
[    2.117484] hw unit of domain pp1-gpu 2^-0 Joules
[    2.134974] platform rtc_cmos: registered platform RTC device (no PNP device found)
[    2.139598] Scanning for low memory corruption every 60 seconds
[    2.148444] audit: initializing netlink subsys (disabled)
[    2.151694] audit: type=2000 audit(1543112294.774:1): initialized
[    2.154432] Initialise system trusted keyring
[    2.157994] HugeTLB registered 2 MB page size, pre-allocated 0 pages
[    2.162882] zbud: loaded
[    2.165665] VFS: Disk quotas dquot_6.6.0
[    2.168648] VFS: Dquot-cache hash table entries: 512 (order 0, 4096 bytes)
[    2.171824] squashfs: version 4.0 (2009/01/31) Phillip Lougher
[    2.177022] fuse init (API version 7.23)
[    2.178802] Key type big_key registered
[    2.205114] Allocating IMA MOK and blacklist keyrings.
[    2.222959] Key type asymmetric registered
[    2.226048] Asymmetric key parser 'x509' registered
[    2.238689] Block layer SCSI generic (bsg) driver version 0.4 loaded (major 249)
[    2.246240] io scheduler noop registered
[    2.247980] io scheduler deadline registered (default)
[    2.250010] io scheduler cfq registered
[    2.254082] pci_hotplug: PCI Hot Plug PCI Core version: 0.5
[    2.266427] pciehp: PCI Express Hot Plug Controller Driver version: 0.4
[    2.273465] ACPI: AC Adapter [AC] (on-line)
[    2.276400] input: Power Button as /devices/LNXSYSTM:00/LNXPWRBN:00/input/input0
[    2.287201] ACPI: Power Button [PWRF]
[    2.289799] input: Sleep Button as /devices/LNXSYSTM:00/LNXSLPBN:00/input/input1
[    2.297512] ACPI: Sleep Button [SLPF]
[    2.306939] ACPI: Battery Slot [BAT0] (battery present)
[    2.313791] GHES: HEST is not enabled!
[    2.314594] virtio-pci 0000:00:03.0: virtio_pci: leaving for legacy driver
[    2.319202] Serial: 8250/16550 driver, 32 ports, IRQ sharing enabled
[    2.354153] 00:02: ttyS0 at I/O 0x3f8 (irq = 4, base_baud = 115200) is a 16550A
[    2.367192] Linux agpgart interface v0.103
[    2.376423] loop: module loaded
[    2.378570] scsi host0: ata_piix
[    2.380330] scsi host1: ata_piix
[    2.381774] ata1: PATA max UDMA/33 cmd 0x1f0 ctl 0x3f6 bmdma 0xd000 irq 14
[    2.384555] ata2: PATA max UDMA/33 cmd 0x170 ctl 0x376 bmdma 0xd008 irq 15
[    2.387541] libphy: Fixed MDIO Bus: probed
[    2.389367] tun: Universal TUN/TAP device driver, 1.6
[   .3330] un: (C) 1999-2004 Max Krasnyansky <maxk@qualcomm.com>
[    2.547971] PPP generic driver version 2.4.2
[    2.549886] ehci_hcd: USB 2.0 'Enhanced' Host Controller (EHCI) Driver
[    2.555530] ehci-pci: EHCI PCI platform driver
[    2.565833] ehci-platform: EHCI generic platform driver
[    2.570255] ohci_hcd: USB 1.1 'Open' Host Controller (OHCI) Driver
[    2.573802] ohci-pci: OHCI PCI platform driver
[    2.577445] ohci-platform: OHCI generic platform driver
[    2.579693] uhci_hcd: USB Universal Host Controller Interface driver
[    2.582159] i8042: PNP: PS/2 Controller [PNP0303:PS2K,PNP0f03:PS2M] at 0x60,0x64 irq 1,12
[    2.593090] serio: i8042 KBD port at 0x60,0x64 irq 1
[    2.595176] serio: i8042 AUX port at 0x60,0x64 irq 12
[    2.599575] mousedev: PS/2 mouse device common for all mice
[    2.609206] input: AT Translated Set 2 keyboard as /devices/platform/i8042/serio0/input/input2
[    2.615610] rtc_cmos rtc_cmos: rtc core: registered rtc_cmos as rtc0
[    2.629387] rtc_cmos rtc_cmos: alarms up to one day, 114 bytes nvram
[    2.634762] i2c /dev entries driver
[    2.640835] device-mapper: uevent: version 1.0.3
[    2.645607] device-mapper: ioctl: 4.34.0-ioctl (2015-10-28) initialised: dm-devel@redhat.com
[    2.649105] ledtrig-cpu: registered to indicate activity on CPUs
[    2.665885] NET: Registered protocol family 10
[    2.672091] NET: Registered protocol family 17
[    2.673935] Key type dns_resolver registered
[    2.677448] registered taskstats version 1
[    2.679177] Loading compiled-in X.509 certificates
[    2.686520] Loaded X.509 cert 'Build time autogenerated kernel key: a88b0f663ecfd40e6a501dee2f0b211d51902e35'
[    2.690418] zswap: loaded using pool lzo/zbud
[    2.695791] Key type trusted registered
[    2.701376] Key type encrypted registered
[    2.703045] AppArmor: AppArmor sha1 policy hashing enabled
[    2.715440] ima: No TPM chip found, activating TPM-bypass!
[    2.721690] ima: Allocated hash algorithm: sha1
[    2.725201] evm: HMAC attrs: 0x1
[    2.739176]   Magic number: 10:390:309
[    2.745792] tty tty38: hash matches
[    2.748640] rtc_cmos rtc_cmos: setting system clock to 2018-11-25 02:18:09 UTC (1543112289)
[    2.752240] BIOS EDD facility v0.16 2004-Jun-25, 0 devices found
[    2.756356] EDD information not available.
[    2.766994] Freeing unused kernel memory: 1528K
[    2.779498] Write protecting the kernel read-only data: 14336k
[    2.782577] Freeing unused kernel memory: 1664K
[    2.785757] Freeing unused kernel memory: 92K
Loading, please wait...
starting version 229
[    2.807668] random: systemd-udevd: uninitialized urandom read (16 bytes read, 3 bits of entropy available)
[    2.808467] random: udevadm: uninitialized urandom read (16 bytes read, 3 bits of entropy available)
[    2.808489] random: udevadm: uninitialized urandom read (16 bytes read, 3 bits of entropy available)
[    2.818493] random: udevadm: uninitialized urandom read (16 bytes read, 3 bits of entropy available)
[    2.818539] random: udevadm: uninitialized urandom read (16 bytes read, 3 bits of entropy available)
[    2.818694] random: udevadm: uninitialized urandom read (16 bytes read, 3 bits of entropy available)
[    2.818752] random: udevadm: uninitialized urandom read (16 bytes read, 3 bits of entropy available)
[    2.818811] random: udevadm: uninitialized urandom read (16 bytes read, 3 bits of entropy available)
[    2.818871] random: udevadm: uninitialized urandom read (16 bytes read, 3 bits of entropy available)
[    2.818930] random: udevadm: uninitialized urandom read (16 bytes read, 3 bits of entropy available)
[    2.986738] Fusion MPT base driver 3.04.20
[    2.988971] Copyright (c) 1999-2008 LSI Corporation
[    2.989594] virtio_net virtio0 enp0s3: renamed from eth0
[    2.999445] Fusion MPT SPI Host driver 3.04.20
[    3.002371] mptbase: ioc0: Initiating bringup
[    3.017960] AVX version of gcm_enc/dec engaged.
[    3.025438] AES CTR mode by8 optimization enabled
[    3.080022] ioc0: LSI53C1030 A0: Capabilities={Initiator}
[    3.202306] input: ImExPS/2 Generic Explorer Mouse as /devices/platform/i8042/serio1/input/input4
[    3.257111] scsi host2: ioc0: LSI53C1030 A0, FwRev=00000000h, Ports=1, MaxQ=256, IRQ=20
[    3.746743] scsi 2:0:0:0: Direct-Access     VBOX     HARDDISK         1.0  PQ: 0 ANSI: 5
[    3.752483] scsi target2:0:0: Beginning Domain Validation
[    3.766963] scsi target2:0:0: Domain Validation skipping write tests
[    3.769500] scsi target2:0:0: Ending Domain Validation
[    3.771878] scsi target2:0:0: asynchronous
[    3.774753] scsi 2:0:1:0: Direct-Access     VBOX     HARDDISK         1.0  PQ: 0 ANSI: 5
[    3.788388] scsi target2:0:1: Beginning Domain Validation
[    3.793769] scsi target2:0:1: Domain Validation skipping write tests
[    3.800927] scsi target2:0:1: Ending Domain Validation
[    3.808083] scsi target2:0:1: asynchronous
[    3.826761] sd 2:0:0:0: [sda] 20971520 512-byte logical blocks: (10.7 GB/10.0 GiB)
[    3.826809] sd 2:0:0:0: Attached scsi generic sg0 type 0
[    3.831599] sd 2:0:1:0: Attached scsi generic sg1 type 0
[    3.835779] sd 2:0:1:0: [sdb] 20480 512-byte logical blocks: (10.5 MB/10.0 MiB)
[    3.835996] sd 2:0:0:0: [sda] Write Protect is off
[    3.836174] sd 2:0:0:0: [sda] Incomplete mode parameter data
[    3.836175] sd 2:0:0:0: [sda] Assuming drive cache: write through
[    3.860295] sd 2:0:1:0: [sdb] Write Protect is off
[    3.862959] sd 2:0:1:0: [sdb] Incomplete mode parameter data
[    3.879672]  sda: sda1
[    3.881206] sd 2:0:0:0: [sda] Attached SCSI disk
[    3.886356] sd 2:0:1:0: [sdb] Assuming drive cache: write through
[    3.893510] sd 2:0:1:0: [sdb] Attached SCSI disk
[    4.131268] tsc: Refined TSC clocksource calibration: 2295.211 MHz
[    4.141345] clocksource: tsc: mask: 0xffffffffffffffff max_cycles: 0x21158931071, max_idle_ns: 440795302234 ns
Begin: Loading essential drivers ... [    5.289806] md: linear personality registered for level -1
[    5.296355] md: multipath personality registered for level -4
[    5.301357] md: raid0 personality registered for level 0
[    5.306567] md: raid1 personality registered for level 1
[    5.379320] raid6: sse2x1   gen()  7718 MB/s
[    5.447228] raid6: sse2x1   xor()  6629 MB/s
[    5.515244] raid6: sse2x2   gen() 10305 MB/s
[    5.583288] raid6: sse2x2   xor()  7414 MB/s
[    5.651090] raid6: sse2x4   gen() 12264 MB/s
[    5.719256] raid6: sse2x4   xor()  8817 MB/s
[    5.726435] raid6: using algorithm sse2x4 gen() 12264 MB/s
[    5.730829] raid6: .... xor() 8817 MB/s, rmw enabled
[    5.737347] raid6: using ssse3x2 recovery algorithm
[    5.744063] xor: automatically using best checksumming function:
[    5.783523]    avx       : 28451.000 MB/sec
[    5.786949] async_tx: api initialized (async)
[    5.798882] md: raid6 personality registered for level 6
[    5.801154] md: raid5 personality registered for level 5
[    5.806118] md: raid4 personality registered for level 4
[    5.815615] md: raid10 personality registered for level 10
done.
Begin: Running /scripts/init-premount ... done.
Begin: Mounting root file system ... Begin: Running /scripts/local-top ... done.
Begin: Running /scripts/local-premount ... [    5.856471] Btrfs loaded
Scanning for Btrfs filesystems
done.
Warning: fsck not present, so skipping root file system
[    5.930539] EXT4-fs (sda1): mounted filesystem with ordered data mode. Opts: (null)
done.
Begin: Running /scripts/local-bottom ... done.
Begin: Running /scripts/init-bottom ... done.
[    6.512071] systemd[1]: systemd 229 running in system mode. (+PAM +AUDIT +SELINUX +IMA +APPARMOR +SMACK +SYSVINIT +UTMP +LIBCRYPTSETUP +GCRYPT +GNUTLS +ACL +XZ -LZ4 +SECCOMP +BLKID +ELFUTILS +KMOD -IDN)
[    6.521856] systemd[1]: Detected virtualization oracle.
[    6.529412] systemd[1]: Detected architecture x86-64.

Welcome to [1mUbuntu 16.04.5 LTS[0m!

[    6.585023] systemd[1]: Set hostname to <ubuntu>.
[    6.621080] systemd[1]: Initializing machine ID from random generator.
[    6.626938] systemd[1]: Installed transient /etc/machine-id file.
[    7.156462] random: nonblocking pool is initialized
[    7.252043] systemd[1]: Started Trigger resolvconf update for networkd DNS.
[[0;32m  OK  [0m] Started Trigger resolvconf update for networkd DNS.
[    7.263350] systemd[1]: Listening on LVM2 metadata daemon socket.
[[0;32m  OK  [0m] Listening on LVM2 metadata daemon socket.
[    7.284188] systemd[1]: Listening on udev Kernel Socket.
[[0;32m  OK  [0m] Listening on udev Kernel Socket.
[    7.295395] systemd[1]: Started Forward Password Requests to Wall Directory Watch.
[[0;32m  OK  [0m] Started Forward Password Requests to Wall Directory Watch.
[    7.303184] systemd[1]: Created slice User and Session Slice.
[[0;32m  OK  [0m] Created slice User and Session Slice.
[    7.320182] systemd[1]: Listening on Journal Socket.
[[0;32m  OK  [0m] Listening on Journal Socket.
[    7.333046] systemd[1]: Reached target User and Group Name Lookups.
[[0;32m  OK  [0m] Reached target User and Group Name Lookups.
[    7.341719] systemd[1]: Reached target System Time Synchronized.
[[0;32m  OK  [0m] Reached target System Time Synchronized.
[    7.349394] systemd[1]: Listening on /dev/initctl Compatibility Named Pipe.
[[0;32m  OK  [0m] Listening on /dev/initctl Compatibility Named Pipe.
[    7.362057] systemd[1]: Listening on udev Control Socket.
[[0;32m  OK  [0m] Listening on udev Control Socket.
[    7.380216] systemd[1]: Reached target Encrypted Volumes.
[[0;32m  OK  [0m] Reached target Encrypted Volumes.
[    7.401216] systemd[1]: Listening on LVM2 poll daemon socket.
[[0;32m  OK  [0m] Listening on LVM2 poll daemon socket.
[    7.407497] systemd[1]: Reached target Swap.
[[0;32m  OK  [0m] Reached target Swap.
[    7.414514] systemd[1]: Listening on Syslog Socket.
[[0;32m  OK  [0m] Listening on Syslog Socket.
[    7.424146] systemd[1]: Listening on Journal Audit Socket.
[[0;32m  OK  [0m] Listening on Journal Audit Socket.
[    7.432149] systemd[1]: Set up automount Arbitrary Executable File Formats File System Automount Point.
[[0;32m  OK  [0m] Set up automount Arbitrary Executab...ats File System Automount Point.
[    7.442546] systemd[1]: Listening on Journal Socket (/dev/log).
[[0;32m  OK  [0m] Listening on Journal Socket (/dev/log).
[    7.451315] systemd[1]: Created slice System Slice.
[[0;32m  OK  [0m] Created slice System Slice.
[    7.471297] systemd[1]: Starting Set console keymap...
         Starting Set console keymap...
[    7.477675] systemd[1]: Created slice system-serial\x2dgetty.slice.
[[0;32m  OK  [0m] Created slice system-serial\x2dgetty.slice.
[    7.487305] systemd[1]: Mounting Huge Pages File System...
         Mounting Huge Pages File System...
[    7.497666] systemd[1]: Starting Journal Service...
         Starting Journal Service...
[    7.504579] systemd[1]: Mounting Debug File System...
         Mounting Debug File System...
[    7.524968] systemd[1]: Mounting POSIX Message Queue File System...
         Mounting POSIX Message Queue File System...
[    7.553011] systemd[1]: Reached target Slices.
[[0;32m  OK  [0m] Reached target Slices.
[    7.579470] systemd[1]: Starting Remount Root and Kernel File Systems...
         Starting Remount Root and Kernel File Systems...
[    7.590827] systemd[1]: Starting Uncomplicated firewall...
         Starting Uncomplicated firewall...
[    7.607944] EXT4-fs (sda1): re-mounted. Opts: (null)
[    7.643783] systemd[1]: Starting Load Kernel Modules...
         Starting Load Kernel Modules...
[    7.651788] systemd[1]: Starting Nameserver information manager...
         Starting Nameserver information manager...
[    7.664459] systemd[1]: Listening on Device-mapper event daemon FIFOs.
[[0;32m  OK  [0m] Listening on Device-mapper event daemon FIFOs.
[    7.700318] systemd[1]: Starting Monitoring of LVM2 mirrors, snapshots etc. using dmeventd or progress polling...
         Starting Monitoring of LVM2 mirrors... dmeventd or progress polling...
[    7.723472] systemd[1]: Starting Create list of required static device nodes for the current kernel...
         Starting Create [    7.737432] Loading iSCSI transport class v2.0-870.
list of required st... nodes for the current kernel...
[    7.788565] systemd[1]: Mounted POSIX Message Queue File System.
[[0;32m  OK  [0m] Mounted POSIX Message Queue File System.
[    7.805417] systemd[1]: Mounted Debug File System.
[    7.810936] iscsi: registered transport (tcp)
[[0;32m  OK  [0m] Mounted Debug File System.
[    7.817657] systemd[1]: Mounted Huge Pages File System.
[[0;32m  OK  [0m] Mounted Huge Pages File System.
[    7.824368] systemd[1]: Started Journal Service.
[[0;32m  OK  [0m] Started Journal Service.
[[0;32m  OK  [0m] Started Set console keymap.
[[0;32m  OK  [0m] Started Remount Root and Kernel File Systems.
[[0;32m  OK  [0m] Started Uncomplicated firewall.
[[0;32m  OK  [0m] Started Create list of required sta...ce nodes for the current kernel.
[[0;32m  OK  [0m] Started Nameserver information manager.
[    7.913910] iscsi: registered transport (iser)
[[0;32m  OK  [0m] Started LVM2 metadata daemon.
         Starting Create Static Device Nodes in /dev...
         Starting Load/Save Random Seed...
         Starting udev Coldplug all Devices...
         Starting Flush Journal to Persistent Storage...
[[0;32m  OK  [0m] Started Load Kernel Modules.
         Mounting FUSE Control File System...
         Starting Apply Kernel Variables...
[[0;32m  OK  [0m] Mounted FUSE Control File System.
[[0;32m  OK  [0m] Started Load/Save Random Seed.
[    8.108051] systemd-journald[378]: Received request to flush runtime journal from PID 1
[[0;32m  OK  [0m] Started Monitoring of LVM2 mirrors,...ng dmeventd or progress polling.
[[0;32m  OK  [0m] Started Flush Journal to Persistent Storage.
[[0;32m  OK  [0m] Started Apply Kernel Variables.
[[0;32m  OK  [0m] Started udev Coldplug all Devices.
[[0;32m  OK  [0m] Started Create Static Device Nodes in /dev.
[[0;32m  OK  [0m] Reached target Local File Systems (Pre).
[[0;32m  OK  [0m] Reached target Local File Systems.
         Starting Initial cloud-init job (pre-networking)...
         Starting Create Volatile Files and Directories...
         Starting Set console font and keymap...
         Starting Commit a transient machine-id on disk...
         Starting Tell Plymouth To Write Out Runtime Data...
         Starting LSB: AppArmor initialization...
         Starting udev Kernel Device Manager...
[[0;32m  OK  [0m] Started Commit a transient machine-id on disk.
[[0;32m  OK  [0m] Started Tell Plymouth To Write Out Runtime Data.
[[0;32m  OK  [0m] Started Create Volatile Files and Directories.
         Starting Update UTMP about System Boot/Shutdown...
[[0;32m  OK  [0m] Started Update UTMP about System Boot/Shutdown.
[[0;32m  OK  [0m] Started udev Kernel Device Manager.
[[0;32m  OK  [0m] Started Dispatch Password Requests to Console Directory Watch.
[[0;32m  OK  [0m] Found device /dev/ttyS0.
[[0;32m  OK  [0m] Listening on Load/Save RF Kill Switch Status /dev/rfkill Watch.
[[0;32m  OK  [0m] Started LSB: AppArmor initialization.
[[0;32m  OK  [0m] Started Set console font and keymap.
[[0;32m  OK  [0m] Created slice system-getty.slice.
[   10.310556] cloud-init[457]: Cloud-init v. 18.4-0ubuntu1~16.04.2 running 'init-local' at Sun, 25 Nov 2018 02:18:17 +0000. Up 9.90 seconds.
[[0;32m  OK  [0m] Started Initial cloud-init job (pre-networking).
[[0;32m  OK  [0m] Reached target Network (Pre).
         Starting Raise network interfaces...
[[0;32m  OK  [0m] Started Raise network interfaces.
         Starting Initial cloud-init job (metadata service crawler)...
[[0;32m  OK  [0m] Reached target Network.
[   12.231156] cloud-init[936]: Cloud-init v. 18.4-0ubuntu1~16.04.2 running 'init' at Sun, 25 Nov 2018 02:18:18 +0000. Up 11.13 seconds.
[   12.247974] cloud-init[936]: ci-info: ++++++++++++++++++++++++++++++++++++++Net device info++++++++++++++++++++++++++++++++++++++
[   12.264039] cloud-init[936]: ci-info: +--------+------+----------------------------+---------------+--------+-------------------+
[   12.276780] cloud-init[936]: ci-info: | Device |  Up  |          Address           |      Mask     | Scope  |     Hw-Address    |
[   12.293247] cloud-init[936]: ci-info: +--------+------+----------------------------+---------------+--------+-------------------+
[   12.320654] [cloud-init[0;32m  OK  [0m[936]: ] ci-info: | enp0s3 | True |         10.0.2.15          | 255.255.255.0 | global | 02:48:37:b8:a5:68 |Started Initial cloud-init job (metadata service crawler).

[   12.322224] [cloud-init[0;32m  OK  [0m[936]: ] ci-info: | enp0s3 | True | fe80::48:37ff:feb8:a568/64 |       .       |  link  | 02:48:37:b8:a5:68 |Reached target System Initialization.

[   12.380966] cloud-init[936]: ci-info: |   lo   | True |         127.0.0.1          |   255.0.0.0   |  host  |         .         |
         Starting LXD - unix socket.
[[0;32m  OK  [0m] Started Daily Cleanup of Temporary Directories.
[[0;32m  OK  [0m] Listening on D-Bus System Message Bus Socket.
[[0;32m  OK  [0m] Started Daily apt download activities.
[[0;32m  OK  [0m] Listening on ACPID Listen Socket.
[   12.391641] cloud-init[936]: ci-info: |   lo   | True |          ::1/128           |       .       |  host  |         .         |
[[0;32m  OK  [0m] Started ACPI Events Check.
[[0;32m  OK  [0m] Reached target Paths.
[   12.444373] cloud-init[936]: ci-info: +--------+------+----------------------------+---------------+--------+-------------------+
[   12.477905] cloud-init[936]: ci-info: +++++++++++++++++++++++++++Route IPv4 info++++++++++++++++++++++++++++
         Starting Socket activation for snappy daemon.
[   12.490234] cloud-init[936]: ci-info: +-------+-------------+----------+---------------+-----------+-------+
[   12.508448] cloud-init[936]: ci-info: | Route | Destination | Gateway  |    Genmask    | Interface | Flags |
[   12.508582] cloud-init[936]: ci-info: +-------+-------------+----------+---------------+-----------+-------+
[   12.508643] cloud-init[936]: ci-info: |   0   |   0.0.0.0   | 10.0.2.2 |    0.0.0.0    |   enp0s3  |   UG  |
[   12.509746] cloud-init[936]: ci-info: |   1   |   10.0.2.0  | 0.0.0.0  | 255.255.255.0 |   enp0s3  |   U   |
[   12.509800] cloud-init[936]: ci-info: +-------+-------------+----------+---------------+-----------+-------+
[   12.509852] cloud-init[936]: ci-info: +++++++++++++++++++Route IPv6 info+++++++++++++++++++
[   12.509899] cloud-init[936]: ci-info: +-------+-------------+---------+-----------+-------+
[   12.509945] cloud-init[936]: ci-info: | Route | Destination | Gateway | Interface | Flags |
[   12.509990] cloud-init[936]: ci-info: +-------+-------------+---------+-----------+-------+
[   12.510035] cloud-init[936]: ci-info: |   0   |  fe80::/64  |    ::   |   enp0s3  |   U   |
[   12.510081] cloud-init[936]: ci-info: |   3   |   ff00::/8  |    ::   |   enp0s3  |   U   |
[   12.510235] cloud-init[936]: ci-info: +-------+-------------+---------+-----------+-------+
[   12.510331] cloud-init[936]: Generating public/private rsa key pair.
[   12.510383] cloud-init[936]: Your identification has been saved in /etc/ssh/ssh_host_rsa_key.
[   12.510445] cloud-init[936]: Your public key has been saved in /etc/ssh/ssh_host_rsa_key.pub.
[   12.510492] cloud-init[936]: The key fingerprint is:
[   12.510547] cloud-init[936]: SHA256:dpM7pKtsPW1sleyJ8I5SsD2eKibxYyhgeFOUp9v5BmM root@ubuntu-xenial
[   12.510593] cloud-init[936]: The key's randomart image is:
[   12.510637] cloud-init[936]: +---[RSA 2048]----+
[   12.510682] cloud-init[936]: |     .           |
[   12.510729] cloud-init[936]: |    o .          |
[   12.510773] cloud-init[936]: |   . o           |
[   12.510819] cloud-init[936]: |    o .    .     |
[   12.510864] cloud-init[936]: |.  . o =S =. .   |
[   12.510909] cloud-init[936]: |o.+ . E.=+ o+    |
[   12.510958] cloud-init[936]: |o. = . B.Bo+ .   |
[   12.511003] cloud-init[936]: |. o *.o BoB.o    |
[   12.511047] cloud-init[936]: | . + ++=o=.      |
[   12.511103] cloud-init[936]: +----[SHA256]-----+
[   12.511149] cloud-init[936]: Generating public/private dsa key pair.
[   12.511199] cloud-init[936]: Your identification has been saved in /etc/ssh/ssh_host_dsa_key.
[   12.511244] cloud-init[936]: Your public key has been saved in /etc/ssh/ssh_host_dsa_key.pub.
[   12.511289] cloud-init[936]: The key fingerprint is:
[   12.511339] cloud-init[936]: SHA256:7bbUB0kto8p+AaZvU/mO/wzrhdVJT2JyOGZ2D14RTWM root@ubuntu-xenial
[   12.511386] cloud-init[936]: The key's randomart image is:
[   12.511433] cloud-init[936]: +---[DSA 1024]----+
[   12.511478] cloud-init[936]: |               E+|
[   12.511523] cloud-init[936]: |             o. +|
[   12.511570] cloud-init[936]: |            @ B.o|
[   12.511615] cloud-init[936]: |        o. * @.Bo|
[   12.511661] cloud-init[936]: |       oS.o.o o.+|
[   12.511708] cloud-init[936]: |      .. o+. +   |
[   12.511754] cloud-init[936]: |       .o.+o+ o  |
[   12.511801] cloud-init[936]: |       .+o.o.*   |
[   12.511850] cloud-init[936]: |       ..oo+=.o  |
[   12.511895] cloud-init[936]: +----[SHA256]-----+
[   12.511942] cloud-init[936]: Generating public/private ecdsa key pair.
[   12.511987] cloud-init[936]: Your identification has been saved in /etc/ssh/ssh_host_ecdsa_key.
[[0;32m  OK  [0m] Started Daily apt upgrade and clean activities.
[[0;32m  OK  [0m] Reached target Timers.
[[0;32m  OK  [0m] Listening on UUID daemon activation socket.
[   12.512127] cloud-init[936]: Your public key has been saved in /etc/ssh/ssh_host_ecdsa_key.pub.
[   12.765300] cloud-init[936]: The key fingerprint is:
[[0;32m  OK  [0m] Reached target Cloud-config availability.
[[0;32m  OK  [0m] Reached target Network is Online.
[   12.781524] cloud-init[936]: SHA256:ld9m2SL7xWSFMY0dbDYcqW4/ZQ+xeLCRLAFKu9EHB6U root@ubuntu-xenial
[   12.813185] cloud-init[936]: The key's randomart image is:
[   12.828758] cloud-init[936]: +---[ECDSA 256]---+
         Starting iSCSI initiator daemon (iscsid)...
[[0;32m  OK  [0m] Listening on LXD - unix socket.
[[0;32m  OK  [0m] Listening on Socket activation for snappy daemon.
[   12.865042] cloud-init[936]: |      . ++o   =*+|
[   12.865825] cloud-init[[936]: [0;32m  OK  [0m|     . + +..  .@o|] 
Reached target Sockets.
[[0;32m  OK  [0m] Reached target Basic System.
[[0;32m  OK  [0m] [   12.866390] Started Unattended Upgrades Shutdown.cloud-init
[936]: |      + E +o .= o|
[   12.904901]          cloud-initStarting Virtualbox guest utils...[936]: 
|       o o..=o.o.|
[   12.915880]          Starting /etc/rc.local Compatibility...
[[0;32m  OK  [0m] Started FUSE filesystem for LXC.
cloud-init[936]: |      . S  .+=*o+|
[   12.924210] [cloud-init[0;32m  OK  [0m[936]: ] |            oB+=o|Started ACPI event daemon.

[   12.941120] [[0;32m  OK  [0m] Started D-Bus System Message Bus.
cloud-init[936]: |            o..o=|
[   12.946548] cloud-init[936]: |             . +.|
[   12.955349] cloud-init[936]: |              . .|
[   12.960392] cloud-init[936]: +----[SHA256]-----+
[   12.964192] cloud-init[936]: Generating public/private ed25519 key pair.
[   12.970139] cloud-init[936]: Your identification has been saved in /etc/ssh/ssh_host_ed25519_key.
[   12.979713] cloud-init[936]: Your public key has been saved in /etc/ssh/ssh_host_ed25519_key.pub.
[   12.990573] cloud-init[936]: The key fingerprint is:
[   12.998054] cloud-init[936]: SHA256:Xgp2RclNNC47BmrhjgBRL9n+xXaMQl7WflwpvD0Z34o root@ubuntu-xenial
[   13.007185] cloud-init[936]: The key's randomart image is:
[   13.011632] cloud-init[936]: +--[ED25519 256]--+
[   13.025046] cloud-init[936]: |...      ..=+    |
[   13.030367] cloud-init[936]: | . +     ooo.. . |
[   13.037811] cloud-init[936]: |. o o o + + + +  |
[   13.049202] cloud-init[936]: | . o + * * + = +.|
[   13.055203] cloud-init[936]: |  . . O S O + + o|
[   13.068651] cloud-init[936]: |   . * B = o . o |
[   13.072442] cloud-init[936]: |    . o o   E .  |
[   13.076570] cloud-init[936]: |                 |
[   13.080795] cloud-init[936]: |                 |
[   13.086457] cloud-init[936]: +----[SHA256]-----+
         Starting Pollinate to seed the pseudo random number generator...
         Starting LSB: Record successful boot for GRUB...
         Starting LXD - container startup/shutdown...
[[0;32m  OK  [0m] Started Regular background program processing daemon.
         Starting LSB: MD monitoring daemon...
[[0;32m  OK  [0m] Started Deferred execution scheduler.
         Starting Login Service...
         Starting Accounts Service...
         Starting System Logging Service...
         Starting Snappy daemon...
[[0;32m  OK  [0m] Started /etc/rc.local Compatibility.
[[0;32m  OK  [0m] Started iSCSI initiator daemon (iscsid).
         Starting Login to default iSCSI targets...
[[0;32m  OK  [0m] Started Login Service.
[[0;32m  OK  [0m] Started LSB: Record successful boot for GRUB.
[[0;32m  OK  [0m] Started LSB: MD monitoring daemon.
[[0;32m  OK  [0m] Started Login to default iSCSI targets.
[[0;32m  OK  [0m] Started System Logging Service.
[[0;32m  OK  [0m] Reached target Remote File Systems (Pre).
[[0;32m  OK  [0m] Reached target Remote File Systems.
         Starting LSB: Set the CPU Frequency Scaling governor to "ondemand"...
         Starting LSB: daemon to balance interrupts for SMP systems...
         Starting Permit User Sessions...
         Starting LSB: automatic crash report generation...
[[0;32m  OK  [0m] Started LSB: Set the CPU Frequency Scaling governor to "ondemand".
[[0;32m  OK  [0m] Started Permit User Sessions.
         Starting Terminate Plymouth Boot Screen...
         Starting Hold until boot process finishes up...
[[0;32m  OK  [0m] Started Terminate Plymouth Boot Screen.
[[0;32m  OK  [0m] Started Hold until boot process finishes up.
[[0;32m  OK  [0m] Started Serial Getty on ttyS0.
         Starting Set console scheme...
[[0;32m  OK  [0m] Started Getty on tty1.
[[0;32m  OK  [0m] Reached target Login Prompts.
[[0;32m  OK  [0m] Started LSB: daemon to balance interrupts for SMP systems.
[[0;32m  OK  [0m] Started LSB: automatic crash report generation.
[[0;32m  OK  [0m] Started Virtualbox guest utils.
[[0;32m  OK  [0m] Started Set console scheme.
         Starting Authenticate and Authorize Users to Run Privileged Tasks...
[[0;32m  OK  [0m] Started Authenticate and Authorize Users to Run Privileged Tasks.
[[0;32m  OK  [0m] Started Accounts Service.
[[0;32m  OK  [0m] Started Snappy daemon.
         Starting Wait until snapd is fully seeded...
[[0;32m  OK  [0m] Started LXD - container startup/shutdown.
[[0;32m  OK  [0m] Started Pollinate to seed the pseudo random number generator.
         Starting OpenBSD Secure Shell server...
[[0;32m  OK  [0m] Started OpenBSD Secure Shell server.
[[0;32m  OK  [0m] Started Wait until snapd is fully seeded.
[[0;32m  OK  [0m] Reached target Multi-User System.
[[0;32m  OK  [0m] Reached target Graphical Interface.
         Starting Update UTMP about System Runlevel Changes...
         Starting Apply the settings specified in cloud-config...
[[0;32m  OK  [0m] Started Update UTMP about System Runlevel Changes.
[   17.103867] cloud-init[1256]: Generating locales (this might take a while)...
[[0;32m  OK  [0m] Created slice User Slice of vagrant.
         Starting User Manager for UID 1000...
[[0;32m  OK  [0m] Started Session 1 of user vagrant.
[[0;32m  OK  [0m] Started User Manager for UID 1000.
[   18.367152] cloud-init[1256]:   en_US.UTF-8... done
[   18.377661] cloud-init[1256]: Generation complete.
[   19.315478] cloud-init[1256]: Cloud-init v. 18.4-0ubuntu1~16.04.2 running 'modules:config' at Sun, 25 Nov 2018 02:18:24 +0000. Up 16.96 seconds.
ci-info: no authorized ssh keys fingerprints found for user ubuntu.
<14>Nov 25 02:18:27 ec2: 
<14>Nov 25 02:18:27 ec2: #############################################################
<14>Nov 25 02:18:27 ec2: -----BEGIN SSH HOST KEY FINGERPRINTS-----
<14>Nov 25 02:18:27 ec2: 1024 SHA256:7bbUB0kto8p+AaZvU/mO/wzrhdVJT2JyOGZ2D14RTWM root@ubuntu-xenial (DSA)
<14>Nov 25 02:18:27 ec2: 256 SHA256:ld9m2SL7xWSFMY0dbDYcqW4/ZQ+xeLCRLAFKu9EHB6U root@ubuntu-xenial (ECDSA)
<14>Nov 25 02:18:27 ec2: 256 SHA256:Xgp2RclNNC47BmrhjgBRL9n+xXaMQl7WflwpvD0Z34o root@ubuntu-xenial (ED25519)
<14>Nov 25 02:18:27 ec2: 2048 SHA256:dpM7pKtsPW1sleyJ8I5SsD2eKibxYyhgeFOUp9v5BmM root@ubuntu-xenial (RSA)
<14>Nov 25 02:18:27 ec2: -----END SSH HOST KEY FINGERPRINTS-----
<14>Nov 25 02:18:27 ec2: #############################################################
-----BEGIN SSH HOST KEY KEYS-----
ecdsa-sha2-nistp256 AAAAE2VjZHNhLXNoYTItbmlzdHAyNTYAAAAIbmlzdHAyNTYAAABBBB3B9Be5qtWSLomHIFbtpyGeWdp0IS5IxPn5GYPF8Evje2PRmgvn6jA5zNJIoR3odW1fARpLOYOMbg3MNnlrx3k= root@ubuntu-xenial
ssh-ed25519 AAAAC3NzaC1lZDI1NTE5AAAAICLC5VyMa1qIbuZO4EtdDTOy5lZea0bmPRyHj5Ou+Zoc root@ubuntu-xenial
ssh-rsa AAAAB3NzaC1yc2EAAAADAQABAAABAQC5PDlvpJMH02OB33NWqRTa6qXsWO6LIJ0ERUJse8y+KNSV6mxjNQG4gC1YVyfrtC7w4ticsIIbVoiaT8x1Lq1dKLunXnQcf//LPsjEvInr553Rs5wo52h4jPOnpM41zsPuq5lNkq30BXUFoCS+XkW8WMrGwBLtvkh8rKbDWtja1lbpi+2Qy/VB5Exf3ixdkNPLPj0Tp1oi1nz5KnvwV1Wr7xrn1iONZICSNAa/ZMveO3aWCTzkT5CLS8FXZ4tRa57Ny3sGR0ppMTKPFuInqvfBpuppRxchb781QeEyqTHVGgbJZfnHiCnV3pnRfdinE1ApJwVRsNTy6RNw4CUbtdJ3 root@ubuntu-xenial
-----END SSH HOST KEY KEYS-----
[   19.886738] cloud-init[1464]: Cloud-init v. 18.4-0ubuntu1~16.04.2 running 'modules:final' at Sun, 25 Nov 2018 02:18:27 +0000. Up 19.71 seconds.
[   19.886960] cloud-init[1464]: ci-info: no authorized ssh keys fingerprints found for user ubuntu.
[   19.887091] cloud-init[1464]: Cloud-init v. 18.4-0ubuntu1~16.04.2 finished at Sun, 25 Nov 2018 02:18:27 +0000. Datasource DataSourceNoCloud [seed=/dev/sdb][dsmode=net].  Up 19.87 seconds

Ubuntu 16.04.5 LTS ubuntu-xenial ttyS0

ubuntu-xenial login: 